2023-03-10 18:06:09,893 INFO [restartedMain] c.n.c.CommunityApplication [StartupInfoLogger.java:51] Starting CommunityApplication using Java 19.0.2 with PID 9224 (D:\Files\Java_workpath\community\target\classes started by wangz in D:\Files\Java_workpath\community)
2023-03-10 18:06:09,897 INFO [restartedMain] c.n.c.CommunityApplication [SpringApplication.java:632] No active profile set, falling back to 1 default profile: "default"
2023-03-10 18:06:09,985 INFO [restartedMain] o.s.b.d.e.DevToolsPropertyDefaultsPostProcessor [DeferredLog.java:250] Devtools property defaults active! Set 'spring.devtools.add-properties' to 'false' to disable
2023-03-10 18:06:09,985 INFO [restartedMain] o.s.b.d.e.DevToolsPropertyDefaultsPostProcessor [DeferredLog.java:250] For additional web related logging consider setting the 'logging.level.web' property to 'DEBUG'
2023-03-10 18:06:11,904 INFO [restartedMain] o.s.b.w.e.t.TomcatWebServer [TomcatWebServer.java:108] Tomcat initialized with port(s): 8000 (http)
2023-03-10 18:06:11,920 INFO [restartedMain] o.a.c.h.Http11NioProtocol [DirectJDKLog.java:173] Initializing ProtocolHandler ["http-nio-8000"]
2023-03-10 18:06:11,922 INFO [restartedMain] o.a.c.c.StandardService [DirectJDKLog.java:173] Starting service [Tomcat]
2023-03-10 18:06:11,923 INFO [restartedMain] o.a.c.c.StandardEngine [DirectJDKLog.java:173] Starting Servlet engine: [Apache Tomcat/10.1.5]
2023-03-10 18:06:12,000 INFO [restartedMain] o.a.c.c.C.[.[.[/community] [DirectJDKLog.java:173] Initializing Spring embedded WebApplicationContext
2023-03-10 18:06:12,002 INFO [restartedMain] o.s.b.w.s.c.ServletWebServerApplicationContext [ServletWebServerApplicationContext.java:291] Root WebApplicationContext: initialization completed in 2013 ms
2023-03-10 18:06:12,712 INFO [restartedMain] o.s.b.a.w.s.WelcomePageHandlerMapping [WelcomePageHandlerMapping.java:56] Adding welcome page template: index
2023-03-10 18:06:13,079 INFO [restartedMain] o.s.b.d.a.OptionalLiveReloadServer [OptionalLiveReloadServer.java:59] LiveReload server is running on port 35729
2023-03-10 18:06:13,139 INFO [restartedMain] o.a.c.h.Http11NioProtocol [DirectJDKLog.java:173] Starting ProtocolHandler ["http-nio-8000"]
2023-03-10 18:06:13,188 INFO [restartedMain] o.s.b.w.e.t.TomcatWebServer [TomcatWebServer.java:220] Tomcat started on port(s): 8000 (http) with context path '/community'
2023-03-10 18:06:13,231 INFO [restartedMain] c.n.c.CommunityApplication [StartupInfoLogger.java:57] Started CommunityApplication in 4.187 seconds (process running for 4.946)
2023-03-10 18:06:15,903 INFO [http-nio-8000-exec-1] o.a.c.c.C.[.[.[/community] [DirectJDKLog.java:173] Initializing Spring DispatcherServlet 'dispatcherServlet'
2023-03-10 18:06:15,904 INFO [http-nio-8000-exec-1] o.s.w.s.DispatcherServlet [FrameworkServlet.java:532] Initializing Servlet 'dispatcherServlet'
2023-03-10 18:06:15,906 INFO [http-nio-8000-exec-1] o.s.w.s.DispatcherServlet [FrameworkServlet.java:554] Completed initialization in 1 ms
2023-03-10 18:06:15,997 INFO [http-nio-8000-exec-1] c.z.h.HikariDataSource [HikariDataSource.java:110] HikariPool-1 - Starting...
2023-03-10 18:06:16,211 INFO [http-nio-8000-exec-1] c.z.h.p.HikariPool [HikariPool.java:565] HikariPool-1 - Added connection com.mysql.cj.jdbc.ConnectionImpl@52e2c64f
2023-03-10 18:06:16,213 INFO [http-nio-8000-exec-1] c.z.h.HikariDataSource [HikariDataSource.java:123] HikariPool-1 - Start completed.
