2023-03-13 14:49:43,126 INFO [restartedMain] c.n.c.CommunityApplication [StartupInfoLogger.java:51] Starting CommunityApplication using Java 19.0.2 with PID 7540 (D:\Files\Java_workpath\community\target\classes started by wangz in D:\Files\Java_workpath\community)
2023-03-13 14:49:43,133 INFO [restartedMain] c.n.c.CommunityApplication [SpringApplication.java:632] No active profile set, falling back to 1 default profile: "default"
2023-03-13 14:49:43,239 INFO [restartedMain] o.s.b.d.e.DevToolsPropertyDefaultsPostProcessor [DeferredLog.java:250] Devtools property defaults active! Set 'spring.devtools.add-properties' to 'false' to disable
2023-03-13 14:49:43,240 INFO [restartedMain] o.s.b.d.e.DevToolsPropertyDefaultsPostProcessor [DeferredLog.java:250] For additional web related logging consider setting the 'logging.level.web' property to 'DEBUG'
2023-03-13 14:49:45,379 INFO [restartedMain] o.s.b.w.e.t.TomcatWebServer [TomcatWebServer.java:108] Tomcat initialized with port(s): 8000 (http)
2023-03-13 14:49:45,399 INFO [restartedMain] o.a.c.h.Http11NioProtocol [DirectJDKLog.java:173] Initializing ProtocolHandler ["http-nio-8000"]
2023-03-13 14:49:45,402 INFO [restartedMain] o.a.c.c.StandardService [DirectJDKLog.java:173] Starting service [Tomcat]
2023-03-13 14:49:45,403 INFO [restartedMain] o.a.c.c.StandardEngine [DirectJDKLog.java:173] Starting Servlet engine: [Apache Tomcat/10.1.5]
2023-03-13 14:49:45,511 INFO [restartedMain] o.a.c.c.C.[.[.[/community] [DirectJDKLog.java:173] Initializing Spring embedded WebApplicationContext
2023-03-13 14:49:45,517 INFO [restartedMain] o.s.b.w.s.c.ServletWebServerApplicationContext [ServletWebServerApplicationContext.java:291] Root WebApplicationContext: initialization completed in 2272 ms
2023-03-13 14:49:46,671 INFO [restartedMain] o.s.b.a.w.s.WelcomePageHandlerMapping [WelcomePageHandlerMapping.java:56] Adding welcome page template: index
2023-03-13 14:49:46,955 INFO [restartedMain] o.s.b.d.a.OptionalLiveReloadServer [OptionalLiveReloadServer.java:59] LiveReload server is running on port 35729
2023-03-13 14:49:46,973 INFO [restartedMain] o.a.c.h.Http11NioProtocol [DirectJDKLog.java:173] Starting ProtocolHandler ["http-nio-8000"]
2023-03-13 14:49:47,007 INFO [restartedMain] o.s.b.w.e.t.TomcatWebServer [TomcatWebServer.java:220] Tomcat started on port(s): 8000 (http) with context path '/community'
2023-03-13 14:49:47,026 INFO [restartedMain] c.n.c.CommunityApplication [StartupInfoLogger.java:57] Started CommunityApplication in 4.976 seconds (process running for 5.879)
2023-03-13 14:49:48,497 INFO [http-nio-8000-exec-2] o.a.c.c.C.[.[.[/community] [DirectJDKLog.java:173] Initializing Spring DispatcherServlet 'dispatcherServlet'
2023-03-13 14:49:48,498 INFO [http-nio-8000-exec-2] o.s.w.s.DispatcherServlet [FrameworkServlet.java:532] Initializing Servlet 'dispatcherServlet'
2023-03-13 14:49:48,500 INFO [http-nio-8000-exec-2] o.s.w.s.DispatcherServlet [FrameworkServlet.java:554] Completed initialization in 1 ms
2023-03-13 14:49:48,546 INFO [http-nio-8000-exec-2] c.z.h.HikariDataSource [HikariDataSource.java:110] HikariPool-1 - Starting...
2023-03-13 14:49:49,773 INFO [http-nio-8000-exec-2] c.z.h.HikariDataSource [HikariDataSource.java:110] HikariPool-1 - Starting...
2023-03-13 14:49:53,958 INFO [http-nio-8000-exec-3] c.z.h.HikariDataSource [HikariDataSource.java:110] HikariPool-1 - Starting...
2023-03-13 14:49:54,966 INFO [http-nio-8000-exec-3] c.z.h.HikariDataSource [HikariDataSource.java:110] HikariPool-1 - Starting...
2023-03-13 14:50:20,092 INFO [restartedMain] c.n.c.CommunityApplication [StartupInfoLogger.java:51] Starting CommunityApplication using Java 19.0.2 with PID 17248 (D:\Files\Java_workpath\community\target\classes started by wangz in D:\Files\Java_workpath\community)
2023-03-13 14:50:20,095 INFO [restartedMain] c.n.c.CommunityApplication [SpringApplication.java:632] No active profile set, falling back to 1 default profile: "default"
2023-03-13 14:50:20,177 INFO [restartedMain] o.s.b.d.e.DevToolsPropertyDefaultsPostProcessor [DeferredLog.java:250] Devtools property defaults active! Set 'spring.devtools.add-properties' to 'false' to disable
2023-03-13 14:50:20,178 INFO [restartedMain] o.s.b.d.e.DevToolsPropertyDefaultsPostProcessor [DeferredLog.java:250] For additional web related logging consider setting the 'logging.level.web' property to 'DEBUG'
2023-03-13 14:50:21,825 INFO [restartedMain] o.s.b.w.e.t.TomcatWebServer [TomcatWebServer.java:108] Tomcat initialized with port(s): 8000 (http)
2023-03-13 14:50:21,838 INFO [restartedMain] o.a.c.h.Http11NioProtocol [DirectJDKLog.java:173] Initializing ProtocolHandler ["http-nio-8000"]
2023-03-13 14:50:21,839 INFO [restartedMain] o.a.c.c.StandardService [DirectJDKLog.java:173] Starting service [Tomcat]
2023-03-13 14:50:21,839 INFO [restartedMain] o.a.c.c.StandardEngine [DirectJDKLog.java:173] Starting Servlet engine: [Apache Tomcat/10.1.5]
2023-03-13 14:50:21,906 INFO [restartedMain] o.a.c.c.C.[.[.[/community] [DirectJDKLog.java:173] Initializing Spring embedded WebApplicationContext
2023-03-13 14:50:21,909 INFO [restartedMain] o.s.b.w.s.c.ServletWebServerApplicationContext [ServletWebServerApplicationContext.java:291] Root WebApplicationContext: initialization completed in 1728 ms
2023-03-13 14:50:22,563 INFO [restartedMain] o.s.b.a.w.s.WelcomePageHandlerMapping [WelcomePageHandlerMapping.java:56] Adding welcome page template: index
2023-03-13 14:50:22,771 INFO [restartedMain] o.s.b.d.a.OptionalLiveReloadServer [OptionalLiveReloadServer.java:59] LiveReload server is running on port 35729
2023-03-13 14:50:22,786 INFO [restartedMain] o.a.c.h.Http11NioProtocol [DirectJDKLog.java:173] Starting ProtocolHandler ["http-nio-8000"]
2023-03-13 14:50:22,817 INFO [restartedMain] o.s.b.w.e.t.TomcatWebServer [TomcatWebServer.java:220] Tomcat started on port(s): 8000 (http) with context path '/community'
2023-03-13 14:50:22,836 INFO [restartedMain] c.n.c.CommunityApplication [StartupInfoLogger.java:57] Started CommunityApplication in 3.72 seconds (process running for 4.443)
2023-03-13 14:50:37,142 INFO [http-nio-8000-exec-1] o.a.c.c.C.[.[.[/community] [DirectJDKLog.java:173] Initializing Spring DispatcherServlet 'dispatcherServlet'
2023-03-13 14:50:37,143 INFO [http-nio-8000-exec-1] o.s.w.s.DispatcherServlet [FrameworkServlet.java:532] Initializing Servlet 'dispatcherServlet'
2023-03-13 14:50:37,145 INFO [http-nio-8000-exec-1] o.s.w.s.DispatcherServlet [FrameworkServlet.java:554] Completed initialization in 1 ms
2023-03-13 14:50:37,196 INFO [http-nio-8000-exec-1] c.z.h.HikariDataSource [HikariDataSource.java:110] HikariPool-1 - Starting...
2023-03-13 14:50:38,425 INFO [http-nio-8000-exec-1] c.z.h.HikariDataSource [HikariDataSource.java:110] HikariPool-1 - Starting...
2023-03-13 14:51:27,462 INFO [restartedMain] c.n.c.CommunityApplication [StartupInfoLogger.java:51] Starting CommunityApplication using Java 19.0.2 with PID 4276 (D:\Files\Java_workpath\community\target\classes started by wangz in D:\Files\Java_workpath\community)
2023-03-13 14:51:27,467 INFO [restartedMain] c.n.c.CommunityApplication [SpringApplication.java:632] No active profile set, falling back to 1 default profile: "default"
2023-03-13 14:51:27,578 INFO [restartedMain] o.s.b.d.e.DevToolsPropertyDefaultsPostProcessor [DeferredLog.java:250] Devtools property defaults active! Set 'spring.devtools.add-properties' to 'false' to disable
2023-03-13 14:51:27,579 INFO [restartedMain] o.s.b.d.e.DevToolsPropertyDefaultsPostProcessor [DeferredLog.java:250] For additional web related logging consider setting the 'logging.level.web' property to 'DEBUG'
2023-03-13 14:51:29,637 INFO [restartedMain] o.s.b.w.e.t.TomcatWebServer [TomcatWebServer.java:108] Tomcat initialized with port(s): 8000 (http)
2023-03-13 14:51:29,649 INFO [restartedMain] o.a.c.h.Http11NioProtocol [DirectJDKLog.java:173] Initializing ProtocolHandler ["http-nio-8000"]
2023-03-13 14:51:29,651 INFO [restartedMain] o.a.c.c.StandardService [DirectJDKLog.java:173] Starting service [Tomcat]
2023-03-13 14:51:29,651 INFO [restartedMain] o.a.c.c.StandardEngine [DirectJDKLog.java:173] Starting Servlet engine: [Apache Tomcat/10.1.5]
2023-03-13 14:51:29,722 INFO [restartedMain] o.a.c.c.C.[.[.[/community] [DirectJDKLog.java:173] Initializing Spring embedded WebApplicationContext
2023-03-13 14:51:29,726 INFO [restartedMain] o.s.b.w.s.c.ServletWebServerApplicationContext [ServletWebServerApplicationContext.java:291] Root WebApplicationContext: initialization completed in 2141 ms
2023-03-13 14:51:30,437 INFO [restartedMain] o.s.b.a.w.s.WelcomePageHandlerMapping [WelcomePageHandlerMapping.java:56] Adding welcome page template: index
2023-03-13 14:51:30,659 INFO [restartedMain] o.s.b.d.a.OptionalLiveReloadServer [OptionalLiveReloadServer.java:59] LiveReload server is running on port 35729
2023-03-13 14:51:30,672 INFO [restartedMain] o.a.c.h.Http11NioProtocol [DirectJDKLog.java:173] Starting ProtocolHandler ["http-nio-8000"]
2023-03-13 14:51:30,697 INFO [restartedMain] o.s.b.w.e.t.TomcatWebServer [TomcatWebServer.java:220] Tomcat started on port(s): 8000 (http) with context path '/community'
2023-03-13 14:51:30,712 INFO [restartedMain] c.n.c.CommunityApplication [StartupInfoLogger.java:57] Started CommunityApplication in 4.224 seconds (process running for 4.864)
2023-03-13 14:51:30,908 INFO [http-nio-8000-exec-1] o.a.c.c.C.[.[.[/community] [DirectJDKLog.java:173] Initializing Spring DispatcherServlet 'dispatcherServlet'
2023-03-13 14:51:30,908 INFO [http-nio-8000-exec-1] o.s.w.s.DispatcherServlet [FrameworkServlet.java:532] Initializing Servlet 'dispatcherServlet'
2023-03-13 14:51:30,910 INFO [http-nio-8000-exec-1] o.s.w.s.DispatcherServlet [FrameworkServlet.java:554] Completed initialization in 1 ms
2023-03-13 14:51:30,956 INFO [http-nio-8000-exec-1] c.z.h.HikariDataSource [HikariDataSource.java:110] HikariPool-1 - Starting...
2023-03-13 14:51:31,150 INFO [http-nio-8000-exec-1] c.z.h.p.HikariPool [HikariPool.java:565] HikariPool-1 - Added connection com.mysql.cj.jdbc.ConnectionImpl@530141f7
2023-03-13 14:51:31,152 INFO [http-nio-8000-exec-1] c.z.h.HikariDataSource [HikariDataSource.java:123] HikariPool-1 - Start completed.
2023-03-13 14:52:28,833 INFO [SpringApplicationShutdownHook] c.z.h.HikariDataSource [HikariDataSource.java:350] HikariPool-1 - Shutdown initiated...
2023-03-13 14:52:28,841 INFO [SpringApplicationShutdownHook] c.z.h.HikariDataSource [HikariDataSource.java:352] HikariPool-1 - Shutdown completed.
2023-03-13 14:52:31,486 INFO [restartedMain] c.n.c.CommunityApplication [StartupInfoLogger.java:51] Starting CommunityApplication using Java 19.0.2 with PID 16528 (D:\Files\Java_workpath\community\target\classes started by wangz in D:\Files\Java_workpath\community)
2023-03-13 14:52:31,489 INFO [restartedMain] c.n.c.CommunityApplication [SpringApplication.java:632] No active profile set, falling back to 1 default profile: "default"
2023-03-13 14:52:31,568 INFO [restartedMain] o.s.b.d.e.DevToolsPropertyDefaultsPostProcessor [DeferredLog.java:250] Devtools property defaults active! Set 'spring.devtools.add-properties' to 'false' to disable
2023-03-13 14:52:31,569 INFO [restartedMain] o.s.b.d.e.DevToolsPropertyDefaultsPostProcessor [DeferredLog.java:250] For additional web related logging consider setting the 'logging.level.web' property to 'DEBUG'
2023-03-13 14:52:33,535 INFO [restartedMain] o.s.b.w.e.t.TomcatWebServer [TomcatWebServer.java:108] Tomcat initialized with port(s): 8000 (http)
2023-03-13 14:52:33,549 INFO [restartedMain] o.a.c.h.Http11NioProtocol [DirectJDKLog.java:173] Initializing ProtocolHandler ["http-nio-8000"]
2023-03-13 14:52:33,550 INFO [restartedMain] o.a.c.c.StandardService [DirectJDKLog.java:173] Starting service [Tomcat]
2023-03-13 14:52:33,550 INFO [restartedMain] o.a.c.c.StandardEngine [DirectJDKLog.java:173] Starting Servlet engine: [Apache Tomcat/10.1.5]
2023-03-13 14:52:33,623 INFO [restartedMain] o.a.c.c.C.[.[.[/community] [DirectJDKLog.java:173] Initializing Spring embedded WebApplicationContext
2023-03-13 14:52:33,626 INFO [restartedMain] o.s.b.w.s.c.ServletWebServerApplicationContext [ServletWebServerApplicationContext.java:291] Root WebApplicationContext: initialization completed in 2053 ms
2023-03-13 14:52:34,429 INFO [restartedMain] o.s.b.a.w.s.WelcomePageHandlerMapping [WelcomePageHandlerMapping.java:56] Adding welcome page template: index
2023-03-13 14:52:34,658 INFO [restartedMain] o.s.b.d.a.OptionalLiveReloadServer [OptionalLiveReloadServer.java:59] LiveReload server is running on port 35729
2023-03-13 14:52:34,677 INFO [restartedMain] o.a.c.h.Http11NioProtocol [DirectJDKLog.java:173] Starting ProtocolHandler ["http-nio-8000"]
2023-03-13 14:52:34,714 INFO [restartedMain] o.s.b.w.e.t.TomcatWebServer [TomcatWebServer.java:220] Tomcat started on port(s): 8000 (http) with context path '/community'
2023-03-13 14:52:34,737 INFO [restartedMain] c.n.c.CommunityApplication [StartupInfoLogger.java:57] Started CommunityApplication in 4.148 seconds (process running for 5.053)
2023-03-13 14:52:55,156 INFO [http-nio-8000-exec-1] o.a.c.c.C.[.[.[/community] [DirectJDKLog.java:173] Initializing Spring DispatcherServlet 'dispatcherServlet'
2023-03-13 14:52:55,157 INFO [http-nio-8000-exec-1] o.s.w.s.DispatcherServlet [FrameworkServlet.java:532] Initializing Servlet 'dispatcherServlet'
2023-03-13 14:52:55,158 INFO [http-nio-8000-exec-1] o.s.w.s.DispatcherServlet [FrameworkServlet.java:554] Completed initialization in 1 ms
2023-03-13 14:52:55,211 INFO [http-nio-8000-exec-1] c.z.h.HikariDataSource [HikariDataSource.java:110] HikariPool-1 - Starting...
2023-03-13 14:52:55,403 INFO [http-nio-8000-exec-1] c.z.h.p.HikariPool [HikariPool.java:565] HikariPool-1 - Added connection com.mysql.cj.jdbc.ConnectionImpl@7480173a
2023-03-13 14:52:55,406 INFO [http-nio-8000-exec-1] c.z.h.HikariDataSource [HikariDataSource.java:123] HikariPool-1 - Start completed.
2023-03-13 15:21:04,664 INFO [File Watcher] o.s.b.d.a.LocalDevToolsAutoConfiguration$RestartingClassPathChangeChangedEventListener [LocalDevToolsAutoConfiguration.java:211] Restarting due to 3 class path changes (0 additions, 2 deletions, 1 modification)
2023-03-13 15:21:04,688 INFO [Thread-5] o.a.c.h.Http11NioProtocol [DirectJDKLog.java:173] Pausing ProtocolHandler ["http-nio-8000"]
2023-03-13 15:21:04,689 INFO [Thread-5] o.a.c.c.StandardService [DirectJDKLog.java:173] Stopping service [Tomcat]
2023-03-13 15:21:04,691 INFO [Thread-5] o.a.c.c.C.[.[.[/community] [DirectJDKLog.java:173] Destroying Spring FrameworkServlet 'dispatcherServlet'
2023-03-13 15:21:04,702 INFO [Thread-5] o.a.c.h.Http11NioProtocol [DirectJDKLog.java:173] Stopping ProtocolHandler ["http-nio-8000"]
2023-03-13 15:21:04,705 INFO [Thread-5] o.a.c.h.Http11NioProtocol [DirectJDKLog.java:173] Destroying ProtocolHandler ["http-nio-8000"]
2023-03-13 15:21:04,709 INFO [Thread-5] c.z.h.HikariDataSource [HikariDataSource.java:350] HikariPool-1 - Shutdown initiated...
2023-03-13 15:21:04,714 INFO [Thread-5] c.z.h.HikariDataSource [HikariDataSource.java:352] HikariPool-1 - Shutdown completed.
2023-03-13 15:21:04,831 INFO [restartedMain] c.n.c.CommunityApplication [StartupInfoLogger.java:51] Starting CommunityApplication using Java 19.0.2 with PID 16528 (D:\Files\Java_workpath\community\target\classes started by wangz in D:\Files\Java_workpath\community)
2023-03-13 15:21:04,832 INFO [restartedMain] c.n.c.CommunityApplication [SpringApplication.java:632] No active profile set, falling back to 1 default profile: "default"
2023-03-13 15:21:05,433 INFO [restartedMain] o.s.b.w.e.t.TomcatWebServer [TomcatWebServer.java:108] Tomcat initialized with port(s): 8000 (http)
2023-03-13 15:21:05,434 INFO [restartedMain] o.a.c.h.Http11NioProtocol [DirectJDKLog.java:173] Initializing ProtocolHandler ["http-nio-8000"]
2023-03-13 15:21:05,435 INFO [restartedMain] o.a.c.c.StandardService [DirectJDKLog.java:173] Starting service [Tomcat]
2023-03-13 15:21:05,435 INFO [restartedMain] o.a.c.c.StandardEngine [DirectJDKLog.java:173] Starting Servlet engine: [Apache Tomcat/10.1.5]
2023-03-13 15:21:05,468 INFO [restartedMain] o.a.c.c.C.[.[.[/community] [DirectJDKLog.java:173] Initializing Spring embedded WebApplicationContext
2023-03-13 15:21:05,468 INFO [restartedMain] o.s.b.w.s.c.ServletWebServerApplicationContext [ServletWebServerApplicationContext.java:291] Root WebApplicationContext: initialization completed in 631 ms
2023-03-13 15:21:05,506 INFO [restartedMain] o.a.c.c.StandardService [DirectJDKLog.java:173] Stopping service [Tomcat]
2023-03-13 15:21:05,521 INFO [restartedMain] o.s.b.a.l.ConditionEvaluationReportLogger [ConditionEvaluationReportLogger.java:82] 

Error starting ApplicationContext. To display the condition evaluation report re-run your application with 'debug' enabled.
2023-03-13 15:21:07,110 INFO [restartedMain] c.n.c.CommunityApplication [StartupInfoLogger.java:51] Starting CommunityApplication using Java 19.0.2 with PID 16528 (D:\Files\Java_workpath\community\target\classes started by wangz in D:\Files\Java_workpath\community)
2023-03-13 15:21:07,110 INFO [restartedMain] c.n.c.CommunityApplication [SpringApplication.java:632] No active profile set, falling back to 1 default profile: "default"
2023-03-13 15:21:07,572 INFO [restartedMain] o.s.b.w.e.t.TomcatWebServer [TomcatWebServer.java:108] Tomcat initialized with port(s): 8000 (http)
2023-03-13 15:21:07,573 INFO [restartedMain] o.a.c.h.Http11NioProtocol [DirectJDKLog.java:173] Initializing ProtocolHandler ["http-nio-8000"]
2023-03-13 15:21:07,574 INFO [restartedMain] o.a.c.c.StandardService [DirectJDKLog.java:173] Starting service [Tomcat]
2023-03-13 15:21:07,574 INFO [restartedMain] o.a.c.c.StandardEngine [DirectJDKLog.java:173] Starting Servlet engine: [Apache Tomcat/10.1.5]
2023-03-13 15:21:07,604 INFO [restartedMain] o.a.c.c.C.[.[.[/community] [DirectJDKLog.java:173] Initializing Spring embedded WebApplicationContext
2023-03-13 15:21:07,605 INFO [restartedMain] o.s.b.w.s.c.ServletWebServerApplicationContext [ServletWebServerApplicationContext.java:291] Root WebApplicationContext: initialization completed in 490 ms
2023-03-13 15:21:07,829 INFO [restartedMain] o.s.b.a.w.s.WelcomePageHandlerMapping [WelcomePageHandlerMapping.java:56] Adding welcome page template: index
2023-03-13 15:21:07,905 INFO [restartedMain] o.s.b.d.a.OptionalLiveReloadServer [OptionalLiveReloadServer.java:59] LiveReload server is running on port 35729
2023-03-13 15:21:07,912 INFO [restartedMain] o.a.c.h.Http11NioProtocol [DirectJDKLog.java:173] Starting ProtocolHandler ["http-nio-8000"]
2023-03-13 15:21:07,917 INFO [restartedMain] o.s.b.w.e.t.TomcatWebServer [TomcatWebServer.java:220] Tomcat started on port(s): 8000 (http) with context path '/community'
2023-03-13 15:21:07,921 INFO [restartedMain] c.n.c.CommunityApplication [StartupInfoLogger.java:57] Started CommunityApplication in 0.868 seconds (process running for 1718.237)
2023-03-13 15:21:07,923 INFO [restartedMain] o.s.b.d.a.ConditionEvaluationDeltaLoggingListener [ConditionEvaluationDeltaLoggingListener.java:63] Condition evaluation unchanged
2023-03-13 15:36:15,355 INFO [File Watcher] o.s.b.d.a.LocalDevToolsAutoConfiguration$RestartingClassPathChangeChangedEventListener [LocalDevToolsAutoConfiguration.java:211] Restarting due to 3 class path changes (0 additions, 1 deletion, 2 modifications)
2023-03-13 15:36:15,374 INFO [Thread-7] o.a.c.h.Http11NioProtocol [DirectJDKLog.java:173] Pausing ProtocolHandler ["http-nio-8000"]
2023-03-13 15:36:15,374 INFO [Thread-7] o.a.c.c.StandardService [DirectJDKLog.java:173] Stopping service [Tomcat]
2023-03-13 15:36:15,377 INFO [Thread-7] o.a.c.h.Http11NioProtocol [DirectJDKLog.java:173] Stopping ProtocolHandler ["http-nio-8000"]
2023-03-13 15:36:15,382 INFO [Thread-7] o.a.c.h.Http11NioProtocol [DirectJDKLog.java:173] Destroying ProtocolHandler ["http-nio-8000"]
2023-03-13 15:36:15,529 INFO [restartedMain] c.n.c.CommunityApplication [StartupInfoLogger.java:51] Starting CommunityApplication using Java 19.0.2 with PID 16528 (D:\Files\Java_workpath\community\target\classes started by wangz in D:\Files\Java_workpath\community)
2023-03-13 15:36:15,531 INFO [restartedMain] c.n.c.CommunityApplication [SpringApplication.java:632] No active profile set, falling back to 1 default profile: "default"
2023-03-13 15:36:16,054 INFO [restartedMain] o.s.b.w.e.t.TomcatWebServer [TomcatWebServer.java:108] Tomcat initialized with port(s): 8000 (http)
2023-03-13 15:36:16,055 INFO [restartedMain] o.a.c.h.Http11NioProtocol [DirectJDKLog.java:173] Initializing ProtocolHandler ["http-nio-8000"]
2023-03-13 15:36:16,055 INFO [restartedMain] o.a.c.c.StandardService [DirectJDKLog.java:173] Starting service [Tomcat]
2023-03-13 15:36:16,055 INFO [restartedMain] o.a.c.c.StandardEngine [DirectJDKLog.java:173] Starting Servlet engine: [Apache Tomcat/10.1.5]
2023-03-13 15:36:16,084 INFO [restartedMain] o.a.c.c.C.[.[.[/community] [DirectJDKLog.java:173] Initializing Spring embedded WebApplicationContext
2023-03-13 15:36:16,084 INFO [restartedMain] o.s.b.w.s.c.ServletWebServerApplicationContext [ServletWebServerApplicationContext.java:291] Root WebApplicationContext: initialization completed in 549 ms
2023-03-13 15:36:16,340 INFO [restartedMain] o.s.b.a.w.s.WelcomePageHandlerMapping [WelcomePageHandlerMapping.java:56] Adding welcome page template: index
2023-03-13 15:36:16,417 INFO [restartedMain] o.s.b.d.a.OptionalLiveReloadServer [OptionalLiveReloadServer.java:59] LiveReload server is running on port 35729
2023-03-13 15:36:16,424 INFO [restartedMain] o.a.c.h.Http11NioProtocol [DirectJDKLog.java:173] Starting ProtocolHandler ["http-nio-8000"]
2023-03-13 15:36:16,428 INFO [restartedMain] o.s.b.w.e.t.TomcatWebServer [TomcatWebServer.java:220] Tomcat started on port(s): 8000 (http) with context path '/community'
2023-03-13 15:36:16,431 INFO [restartedMain] c.n.c.CommunityApplication [StartupInfoLogger.java:57] Started CommunityApplication in 0.977 seconds (process running for 2626.748)
2023-03-13 15:36:16,433 INFO [restartedMain] o.s.b.d.a.ConditionEvaluationDeltaLoggingListener [ConditionEvaluationDeltaLoggingListener.java:63] Condition evaluation unchanged
2023-03-13 15:36:17,861 INFO [File Watcher] o.s.b.d.a.LocalDevToolsAutoConfiguration$RestartingClassPathChangeChangedEventListener [LocalDevToolsAutoConfiguration.java:211] Restarting due to 1 class path change (1 addition, 0 deletions, 0 modifications)
2023-03-13 15:36:17,874 INFO [Thread-14] o.a.c.h.Http11NioProtocol [DirectJDKLog.java:173] Pausing ProtocolHandler ["http-nio-8000"]
2023-03-13 15:36:17,875 INFO [Thread-14] o.a.c.c.StandardService [DirectJDKLog.java:173] Stopping service [Tomcat]
2023-03-13 15:36:17,877 INFO [Thread-14] o.a.c.h.Http11NioProtocol [DirectJDKLog.java:173] Stopping ProtocolHandler ["http-nio-8000"]
2023-03-13 15:36:17,879 INFO [Thread-14] o.a.c.h.Http11NioProtocol [DirectJDKLog.java:173] Destroying ProtocolHandler ["http-nio-8000"]
2023-03-13 15:36:17,985 INFO [restartedMain] c.n.c.CommunityApplication [StartupInfoLogger.java:51] Starting CommunityApplication using Java 19.0.2 with PID 16528 (D:\Files\Java_workpath\community\target\classes started by wangz in D:\Files\Java_workpath\community)
2023-03-13 15:36:17,985 INFO [restartedMain] c.n.c.CommunityApplication [SpringApplication.java:632] No active profile set, falling back to 1 default profile: "default"
2023-03-13 15:36:18,397 INFO [restartedMain] o.s.b.w.e.t.TomcatWebServer [TomcatWebServer.java:108] Tomcat initialized with port(s): 8000 (http)
2023-03-13 15:36:18,398 INFO [restartedMain] o.a.c.h.Http11NioProtocol [DirectJDKLog.java:173] Initializing ProtocolHandler ["http-nio-8000"]
2023-03-13 15:36:18,398 INFO [restartedMain] o.a.c.c.StandardService [DirectJDKLog.java:173] Starting service [Tomcat]
2023-03-13 15:36:18,398 INFO [restartedMain] o.a.c.c.StandardEngine [DirectJDKLog.java:173] Starting Servlet engine: [Apache Tomcat/10.1.5]
2023-03-13 15:36:18,425 INFO [restartedMain] o.a.c.c.C.[.[.[/community] [DirectJDKLog.java:173] Initializing Spring embedded WebApplicationContext
2023-03-13 15:36:18,426 INFO [restartedMain] o.s.b.w.s.c.ServletWebServerApplicationContext [ServletWebServerApplicationContext.java:291] Root WebApplicationContext: initialization completed in 436 ms
2023-03-13 15:36:18,635 INFO [restartedMain] o.s.b.a.w.s.WelcomePageHandlerMapping [WelcomePageHandlerMapping.java:56] Adding welcome page template: index
2023-03-13 15:36:18,713 INFO [restartedMain] o.s.b.d.a.OptionalLiveReloadServer [OptionalLiveReloadServer.java:59] LiveReload server is running on port 35729
2023-03-13 15:36:18,721 INFO [restartedMain] o.a.c.h.Http11NioProtocol [DirectJDKLog.java:173] Starting ProtocolHandler ["http-nio-8000"]
2023-03-13 15:36:18,726 INFO [restartedMain] o.s.b.w.e.t.TomcatWebServer [TomcatWebServer.java:220] Tomcat started on port(s): 8000 (http) with context path '/community'
2023-03-13 15:36:18,730 INFO [restartedMain] c.n.c.CommunityApplication [StartupInfoLogger.java:57] Started CommunityApplication in 0.8 seconds (process running for 2629.047)
2023-03-13 15:36:18,733 INFO [restartedMain] o.s.b.d.a.ConditionEvaluationDeltaLoggingListener [ConditionEvaluationDeltaLoggingListener.java:63] Condition evaluation unchanged
2023-03-13 15:36:20,208 INFO [http-nio-8000-exec-1] o.a.c.c.C.[.[.[/community] [DirectJDKLog.java:173] Initializing Spring DispatcherServlet 'dispatcherServlet'
2023-03-13 15:36:20,208 INFO [http-nio-8000-exec-1] o.s.w.s.DispatcherServlet [FrameworkServlet.java:532] Initializing Servlet 'dispatcherServlet'
2023-03-13 15:36:20,209 INFO [http-nio-8000-exec-1] o.s.w.s.DispatcherServlet [FrameworkServlet.java:554] Completed initialization in 0 ms
2023-03-13 15:36:20,211 INFO [http-nio-8000-exec-1] c.z.h.HikariDataSource [HikariDataSource.java:110] HikariPool-2 - Starting...
2023-03-13 15:36:20,220 INFO [http-nio-8000-exec-1] c.z.h.p.HikariPool [HikariPool.java:565] HikariPool-2 - Added connection com.mysql.cj.jdbc.ConnectionImpl@41e7914c
2023-03-13 15:36:20,221 INFO [http-nio-8000-exec-1] c.z.h.HikariDataSource [HikariDataSource.java:123] HikariPool-2 - Start completed.
2023-03-13 15:37:00,742 INFO [SpringApplicationShutdownHook] c.z.h.HikariDataSource [HikariDataSource.java:350] HikariPool-2 - Shutdown initiated...
2023-03-13 15:37:00,743 INFO [SpringApplicationShutdownHook] c.z.h.HikariDataSource [HikariDataSource.java:352] HikariPool-2 - Shutdown completed.
2023-03-13 15:37:03,772 INFO [restartedMain] c.n.c.CommunityApplication [StartupInfoLogger.java:51] Starting CommunityApplication using Java 19.0.2 with PID 18228 (D:\Files\Java_workpath\community\target\classes started by wangz in D:\Files\Java_workpath\community)
2023-03-13 15:37:03,776 INFO [restartedMain] c.n.c.CommunityApplication [SpringApplication.java:632] No active profile set, falling back to 1 default profile: "default"
2023-03-13 15:37:03,842 INFO [restartedMain] o.s.b.d.e.DevToolsPropertyDefaultsPostProcessor [DeferredLog.java:250] Devtools property defaults active! Set 'spring.devtools.add-properties' to 'false' to disable
2023-03-13 15:37:03,842 INFO [restartedMain] o.s.b.d.e.DevToolsPropertyDefaultsPostProcessor [DeferredLog.java:250] For additional web related logging consider setting the 'logging.level.web' property to 'DEBUG'
2023-03-13 15:37:05,478 INFO [restartedMain] o.s.b.w.e.t.TomcatWebServer [TomcatWebServer.java:108] Tomcat initialized with port(s): 8000 (http)
2023-03-13 15:37:05,491 INFO [restartedMain] o.a.c.h.Http11NioProtocol [DirectJDKLog.java:173] Initializing ProtocolHandler ["http-nio-8000"]
2023-03-13 15:37:05,492 INFO [restartedMain] o.a.c.c.StandardService [DirectJDKLog.java:173] Starting service [Tomcat]
2023-03-13 15:37:05,493 INFO [restartedMain] o.a.c.c.StandardEngine [DirectJDKLog.java:173] Starting Servlet engine: [Apache Tomcat/10.1.5]
2023-03-13 15:37:05,558 INFO [restartedMain] o.a.c.c.C.[.[.[/community] [DirectJDKLog.java:173] Initializing Spring embedded WebApplicationContext
2023-03-13 15:37:05,560 INFO [restartedMain] o.s.b.w.s.c.ServletWebServerApplicationContext [ServletWebServerApplicationContext.java:291] Root WebApplicationContext: initialization completed in 1715 ms
2023-03-13 15:37:06,252 INFO [restartedMain] o.s.b.a.w.s.WelcomePageHandlerMapping [WelcomePageHandlerMapping.java:56] Adding welcome page template: index
2023-03-13 15:37:06,467 INFO [restartedMain] o.s.b.d.a.OptionalLiveReloadServer [OptionalLiveReloadServer.java:59] LiveReload server is running on port 35729
2023-03-13 15:37:06,481 INFO [restartedMain] o.a.c.h.Http11NioProtocol [DirectJDKLog.java:173] Starting ProtocolHandler ["http-nio-8000"]
2023-03-13 15:37:06,512 INFO [restartedMain] o.s.b.w.e.t.TomcatWebServer [TomcatWebServer.java:220] Tomcat started on port(s): 8000 (http) with context path '/community'
2023-03-13 15:37:06,530 INFO [restartedMain] c.n.c.CommunityApplication [StartupInfoLogger.java:57] Started CommunityApplication in 3.557 seconds (process running for 4.174)
2023-03-13 15:37:11,075 INFO [http-nio-8000-exec-1] o.a.c.c.C.[.[.[/community] [DirectJDKLog.java:173] Initializing Spring DispatcherServlet 'dispatcherServlet'
2023-03-13 15:37:11,076 INFO [http-nio-8000-exec-1] o.s.w.s.DispatcherServlet [FrameworkServlet.java:532] Initializing Servlet 'dispatcherServlet'
2023-03-13 15:37:11,077 INFO [http-nio-8000-exec-1] o.s.w.s.DispatcherServlet [FrameworkServlet.java:554] Completed initialization in 1 ms
2023-03-13 15:37:11,120 INFO [http-nio-8000-exec-1] c.z.h.HikariDataSource [HikariDataSource.java:110] HikariPool-1 - Starting...
2023-03-13 15:37:11,348 INFO [http-nio-8000-exec-1] c.z.h.p.HikariPool [HikariPool.java:565] HikariPool-1 - Added connection com.mysql.cj.jdbc.ConnectionImpl@4832b6e5
2023-03-13 15:37:11,351 INFO [http-nio-8000-exec-1] c.z.h.HikariDataSource [HikariDataSource.java:123] HikariPool-1 - Start completed.
2023-03-13 16:05:47,396 INFO [File Watcher] o.s.b.d.a.LocalDevToolsAutoConfiguration$RestartingClassPathChangeChangedEventListener [LocalDevToolsAutoConfiguration.java:211] Restarting due to 2 class path changes (0 additions, 2 deletions, 0 modifications)
2023-03-13 16:05:47,418 INFO [Thread-5] o.a.c.h.Http11NioProtocol [DirectJDKLog.java:173] Pausing ProtocolHandler ["http-nio-8000"]
2023-03-13 16:05:47,418 INFO [Thread-5] o.a.c.c.StandardService [DirectJDKLog.java:173] Stopping service [Tomcat]
2023-03-13 16:05:47,420 INFO [Thread-5] o.a.c.c.C.[.[.[/community] [DirectJDKLog.java:173] Destroying Spring FrameworkServlet 'dispatcherServlet'
2023-03-13 16:05:47,443 INFO [Thread-5] o.a.c.h.Http11NioProtocol [DirectJDKLog.java:173] Stopping ProtocolHandler ["http-nio-8000"]
2023-03-13 16:05:47,446 INFO [Thread-5] o.a.c.h.Http11NioProtocol [DirectJDKLog.java:173] Destroying ProtocolHandler ["http-nio-8000"]
2023-03-13 16:05:47,451 INFO [Thread-5] c.z.h.HikariDataSource [HikariDataSource.java:350] HikariPool-1 - Shutdown initiated...
2023-03-13 16:05:47,462 INFO [Thread-5] c.z.h.HikariDataSource [HikariDataSource.java:352] HikariPool-1 - Shutdown completed.
2023-03-13 16:05:47,590 INFO [restartedMain] c.n.c.CommunityApplication [StartupInfoLogger.java:51] Starting CommunityApplication using Java 19.0.2 with PID 18228 (D:\Files\Java_workpath\community\target\classes started by wangz in D:\Files\Java_workpath\community)
2023-03-13 16:05:47,590 INFO [restartedMain] c.n.c.CommunityApplication [SpringApplication.java:632] No active profile set, falling back to 1 default profile: "default"
2023-03-13 16:05:48,167 INFO [restartedMain] o.s.b.w.e.t.TomcatWebServer [TomcatWebServer.java:108] Tomcat initialized with port(s): 8000 (http)
2023-03-13 16:05:48,168 INFO [restartedMain] o.a.c.h.Http11NioProtocol [DirectJDKLog.java:173] Initializing ProtocolHandler ["http-nio-8000"]
2023-03-13 16:05:48,168 INFO [restartedMain] o.a.c.c.StandardService [DirectJDKLog.java:173] Starting service [Tomcat]
2023-03-13 16:05:48,168 INFO [restartedMain] o.a.c.c.StandardEngine [DirectJDKLog.java:173] Starting Servlet engine: [Apache Tomcat/10.1.5]
2023-03-13 16:05:48,219 INFO [restartedMain] o.a.c.c.C.[.[.[/community] [DirectJDKLog.java:173] Initializing Spring embedded WebApplicationContext
2023-03-13 16:05:48,220 INFO [restartedMain] o.s.b.w.s.c.ServletWebServerApplicationContext [ServletWebServerApplicationContext.java:291] Root WebApplicationContext: initialization completed in 626 ms
2023-03-13 16:05:48,396 INFO [restartedMain] o.a.c.c.StandardService [DirectJDKLog.java:173] Stopping service [Tomcat]
2023-03-13 16:05:48,407 INFO [restartedMain] o.s.b.a.l.ConditionEvaluationReportLogger [ConditionEvaluationReportLogger.java:82] 

Error starting ApplicationContext. To display the condition evaluation report re-run your application with 'debug' enabled.
2023-03-13 16:05:50,025 INFO [restartedMain] c.n.c.CommunityApplication [StartupInfoLogger.java:51] Starting CommunityApplication using Java 19.0.2 with PID 18228 (D:\Files\Java_workpath\community\target\classes started by wangz in D:\Files\Java_workpath\community)
2023-03-13 16:05:50,026 INFO [restartedMain] c.n.c.CommunityApplication [SpringApplication.java:632] No active profile set, falling back to 1 default profile: "default"
2023-03-13 16:05:50,566 INFO [restartedMain] o.s.b.w.e.t.TomcatWebServer [TomcatWebServer.java:108] Tomcat initialized with port(s): 8000 (http)
2023-03-13 16:05:50,567 INFO [restartedMain] o.a.c.h.Http11NioProtocol [DirectJDKLog.java:173] Initializing ProtocolHandler ["http-nio-8000"]
2023-03-13 16:05:50,567 INFO [restartedMain] o.a.c.c.StandardService [DirectJDKLog.java:173] Starting service [Tomcat]
2023-03-13 16:05:50,570 INFO [restartedMain] o.a.c.c.StandardEngine [DirectJDKLog.java:173] Starting Servlet engine: [Apache Tomcat/10.1.5]
2023-03-13 16:05:50,598 INFO [restartedMain] o.a.c.c.C.[.[.[/community] [DirectJDKLog.java:173] Initializing Spring embedded WebApplicationContext
2023-03-13 16:05:50,598 INFO [restartedMain] o.s.b.w.s.c.ServletWebServerApplicationContext [ServletWebServerApplicationContext.java:291] Root WebApplicationContext: initialization completed in 567 ms
2023-03-13 16:05:50,802 INFO [restartedMain] o.s.b.a.w.s.WelcomePageHandlerMapping [WelcomePageHandlerMapping.java:56] Adding welcome page template: index
2023-03-13 16:05:50,885 INFO [restartedMain] o.s.b.d.a.OptionalLiveReloadServer [OptionalLiveReloadServer.java:59] LiveReload server is running on port 35729
2023-03-13 16:05:50,893 INFO [restartedMain] o.a.c.h.Http11NioProtocol [DirectJDKLog.java:173] Starting ProtocolHandler ["http-nio-8000"]
2023-03-13 16:05:50,898 INFO [restartedMain] o.s.b.w.e.t.TomcatWebServer [TomcatWebServer.java:220] Tomcat started on port(s): 8000 (http) with context path '/community'
2023-03-13 16:05:50,901 INFO [restartedMain] c.n.c.CommunityApplication [StartupInfoLogger.java:57] Started CommunityApplication in 0.973 seconds (process running for 1728.545)
2023-03-13 16:05:50,911 INFO [restartedMain] o.s.b.d.a.ConditionEvaluationDeltaLoggingListener [ConditionEvaluationDeltaLoggingListener.java:63] Condition evaluation unchanged
2023-03-13 16:05:51,070 INFO [http-nio-8000-exec-1] o.a.c.c.C.[.[.[/community] [DirectJDKLog.java:173] Initializing Spring DispatcherServlet 'dispatcherServlet'
2023-03-13 16:05:51,070 INFO [http-nio-8000-exec-1] o.s.w.s.DispatcherServlet [FrameworkServlet.java:532] Initializing Servlet 'dispatcherServlet'
2023-03-13 16:05:51,072 INFO [http-nio-8000-exec-1] o.s.w.s.DispatcherServlet [FrameworkServlet.java:554] Completed initialization in 1 ms
2023-03-13 16:05:51,074 INFO [http-nio-8000-exec-1] c.z.h.HikariDataSource [HikariDataSource.java:110] HikariPool-2 - Starting...
2023-03-13 16:05:51,080 INFO [http-nio-8000-exec-1] c.z.h.p.HikariPool [HikariPool.java:565] HikariPool-2 - Added connection com.mysql.cj.jdbc.ConnectionImpl@5ebec464
2023-03-13 16:05:51,080 INFO [http-nio-8000-exec-1] c.z.h.HikariDataSource [HikariDataSource.java:123] HikariPool-2 - Start completed.
2023-03-13 16:14:05,875 INFO [File Watcher] o.s.b.d.a.LocalDevToolsAutoConfiguration$RestartingClassPathChangeChangedEventListener [LocalDevToolsAutoConfiguration.java:211] Restarting due to 1 class path change (0 additions, 1 deletion, 0 modifications)
2023-03-13 16:14:05,891 INFO [Thread-7] o.a.c.h.Http11NioProtocol [DirectJDKLog.java:173] Pausing ProtocolHandler ["http-nio-8000"]
2023-03-13 16:14:05,892 INFO [Thread-7] o.a.c.c.StandardService [DirectJDKLog.java:173] Stopping service [Tomcat]
2023-03-13 16:14:05,893 INFO [Thread-7] o.a.c.c.C.[.[.[/community] [DirectJDKLog.java:173] Destroying Spring FrameworkServlet 'dispatcherServlet'
2023-03-13 16:14:05,898 INFO [Thread-7] o.a.c.h.Http11NioProtocol [DirectJDKLog.java:173] Stopping ProtocolHandler ["http-nio-8000"]
2023-03-13 16:14:05,899 INFO [Thread-7] o.a.c.h.Http11NioProtocol [DirectJDKLog.java:173] Destroying ProtocolHandler ["http-nio-8000"]
2023-03-13 16:14:05,901 INFO [Thread-7] c.z.h.HikariDataSource [HikariDataSource.java:350] HikariPool-2 - Shutdown initiated...
2023-03-13 16:14:05,904 INFO [Thread-7] c.z.h.HikariDataSource [HikariDataSource.java:352] HikariPool-2 - Shutdown completed.
2023-03-13 16:14:06,021 INFO [restartedMain] c.n.c.CommunityApplication [StartupInfoLogger.java:51] Starting CommunityApplication using Java 19.0.2 with PID 18228 (D:\Files\Java_workpath\community\target\classes started by wangz in D:\Files\Java_workpath\community)
2023-03-13 16:14:06,022 INFO [restartedMain] c.n.c.CommunityApplication [SpringApplication.java:632] No active profile set, falling back to 1 default profile: "default"
2023-03-13 16:14:06,497 INFO [restartedMain] o.s.b.w.e.t.TomcatWebServer [TomcatWebServer.java:108] Tomcat initialized with port(s): 8000 (http)
2023-03-13 16:14:06,498 INFO [restartedMain] o.a.c.h.Http11NioProtocol [DirectJDKLog.java:173] Initializing ProtocolHandler ["http-nio-8000"]
2023-03-13 16:14:06,499 INFO [restartedMain] o.a.c.c.StandardService [DirectJDKLog.java:173] Starting service [Tomcat]
2023-03-13 16:14:06,499 INFO [restartedMain] o.a.c.c.StandardEngine [DirectJDKLog.java:173] Starting Servlet engine: [Apache Tomcat/10.1.5]
2023-03-13 16:14:06,531 INFO [restartedMain] o.a.c.c.C.[.[.[/community] [DirectJDKLog.java:173] Initializing Spring embedded WebApplicationContext
2023-03-13 16:14:06,531 INFO [restartedMain] o.s.b.w.s.c.ServletWebServerApplicationContext [ServletWebServerApplicationContext.java:291] Root WebApplicationContext: initialization completed in 505 ms
2023-03-13 16:14:06,765 INFO [restartedMain] o.s.b.a.w.s.WelcomePageHandlerMapping [WelcomePageHandlerMapping.java:56] Adding welcome page template: index
2023-03-13 16:14:06,815 INFO [restartedMain] o.s.b.d.a.OptionalLiveReloadServer [OptionalLiveReloadServer.java:59] LiveReload server is running on port 35729
2023-03-13 16:14:06,822 INFO [restartedMain] o.a.c.h.Http11NioProtocol [DirectJDKLog.java:173] Starting ProtocolHandler ["http-nio-8000"]
2023-03-13 16:14:06,828 INFO [restartedMain] o.s.b.w.e.t.TomcatWebServer [TomcatWebServer.java:220] Tomcat started on port(s): 8000 (http) with context path '/community'
2023-03-13 16:14:06,832 INFO [restartedMain] c.n.c.CommunityApplication [StartupInfoLogger.java:57] Started CommunityApplication in 0.869 seconds (process running for 2224.476)
2023-03-13 16:14:06,834 INFO [restartedMain] o.s.b.d.a.ConditionEvaluationDeltaLoggingListener [ConditionEvaluationDeltaLoggingListener.java:63] Condition evaluation unchanged
2023-03-13 16:14:08,252 INFO [File Watcher] o.s.b.d.a.LocalDevToolsAutoConfiguration$RestartingClassPathChangeChangedEventListener [LocalDevToolsAutoConfiguration.java:211] Restarting due to 1 class path change (1 addition, 0 deletions, 0 modifications)
2023-03-13 16:14:08,265 INFO [Thread-14] o.a.c.h.Http11NioProtocol [DirectJDKLog.java:173] Pausing ProtocolHandler ["http-nio-8000"]
2023-03-13 16:14:08,266 INFO [Thread-14] o.a.c.c.StandardService [DirectJDKLog.java:173] Stopping service [Tomcat]
2023-03-13 16:14:08,268 INFO [Thread-14] o.a.c.h.Http11NioProtocol [DirectJDKLog.java:173] Stopping ProtocolHandler ["http-nio-8000"]
2023-03-13 16:14:08,269 INFO [Thread-14] o.a.c.h.Http11NioProtocol [DirectJDKLog.java:173] Destroying ProtocolHandler ["http-nio-8000"]
2023-03-13 16:14:08,379 INFO [restartedMain] c.n.c.CommunityApplication [StartupInfoLogger.java:51] Starting CommunityApplication using Java 19.0.2 with PID 18228 (D:\Files\Java_workpath\community\target\classes started by wangz in D:\Files\Java_workpath\community)
2023-03-13 16:14:08,379 INFO [restartedMain] c.n.c.CommunityApplication [SpringApplication.java:632] No active profile set, falling back to 1 default profile: "default"
2023-03-13 16:14:08,644 INFO [restartedMain] o.s.b.w.e.t.TomcatWebServer [TomcatWebServer.java:108] Tomcat initialized with port(s): 8000 (http)
2023-03-13 16:14:08,645 INFO [restartedMain] o.a.c.h.Http11NioProtocol [DirectJDKLog.java:173] Initializing ProtocolHandler ["http-nio-8000"]
2023-03-13 16:14:08,645 INFO [restartedMain] o.a.c.c.StandardService [DirectJDKLog.java:173] Starting service [Tomcat]
2023-03-13 16:14:08,645 INFO [restartedMain] o.a.c.c.StandardEngine [DirectJDKLog.java:173] Starting Servlet engine: [Apache Tomcat/10.1.5]
2023-03-13 16:14:08,669 INFO [restartedMain] o.a.c.c.C.[.[.[/community] [DirectJDKLog.java:173] Initializing Spring embedded WebApplicationContext
2023-03-13 16:14:08,669 INFO [restartedMain] o.s.b.w.s.c.ServletWebServerApplicationContext [ServletWebServerApplicationContext.java:291] Root WebApplicationContext: initialization completed in 287 ms
2023-03-13 16:14:08,832 INFO [restartedMain] o.s.b.a.w.s.WelcomePageHandlerMapping [WelcomePageHandlerMapping.java:56] Adding welcome page template: index
2023-03-13 16:14:08,894 INFO [restartedMain] o.s.b.d.a.OptionalLiveReloadServer [OptionalLiveReloadServer.java:59] LiveReload server is running on port 35729
2023-03-13 16:14:08,901 INFO [restartedMain] o.a.c.h.Http11NioProtocol [DirectJDKLog.java:173] Starting ProtocolHandler ["http-nio-8000"]
2023-03-13 16:14:08,907 INFO [restartedMain] o.s.b.w.e.t.TomcatWebServer [TomcatWebServer.java:220] Tomcat started on port(s): 8000 (http) with context path '/community'
2023-03-13 16:14:08,911 INFO [restartedMain] c.n.c.CommunityApplication [StartupInfoLogger.java:57] Started CommunityApplication in 0.591 seconds (process running for 2226.555)
2023-03-13 16:14:08,912 INFO [restartedMain] o.s.b.d.a.ConditionEvaluationDeltaLoggingListener [ConditionEvaluationDeltaLoggingListener.java:63] Condition evaluation unchanged
2023-03-13 16:14:10,629 INFO [http-nio-8000-exec-2] o.a.c.c.C.[.[.[/community] [DirectJDKLog.java:173] Initializing Spring DispatcherServlet 'dispatcherServlet'
2023-03-13 16:14:10,629 INFO [http-nio-8000-exec-2] o.s.w.s.DispatcherServlet [FrameworkServlet.java:532] Initializing Servlet 'dispatcherServlet'
2023-03-13 16:14:10,630 INFO [http-nio-8000-exec-2] o.s.w.s.DispatcherServlet [FrameworkServlet.java:554] Completed initialization in 0 ms
2023-03-13 16:14:10,632 INFO [http-nio-8000-exec-2] c.z.h.HikariDataSource [HikariDataSource.java:110] HikariPool-3 - Starting...
2023-03-13 16:14:10,637 INFO [http-nio-8000-exec-2] c.z.h.p.HikariPool [HikariPool.java:565] HikariPool-3 - Added connection com.mysql.cj.jdbc.ConnectionImpl@70256599
2023-03-13 16:14:10,637 INFO [http-nio-8000-exec-2] c.z.h.HikariDataSource [HikariDataSource.java:123] HikariPool-3 - Start completed.
2023-03-13 17:08:39,638 INFO [SpringApplicationShutdownHook] c.z.h.HikariDataSource [HikariDataSource.java:350] HikariPool-3 - Shutdown initiated...
2023-03-13 17:08:39,640 INFO [SpringApplicationShutdownHook] c.z.h.HikariDataSource [HikariDataSource.java:352] HikariPool-3 - Shutdown completed.
2023-03-13 18:36:28,451 INFO [main] c.n.c.SensitiveTests [StartupInfoLogger.java:51] Starting SensitiveTests using Java 19.0.2 with PID 21492 (started by wangz in D:\Files\Java_workpath\community)
2023-03-13 18:36:28,456 INFO [main] c.n.c.SensitiveTests [SpringApplication.java:632] No active profile set, falling back to 1 default profile: "default"
2023-03-13 18:36:31,252 INFO [main] o.s.b.a.w.s.WelcomePageHandlerMapping [WelcomePageHandlerMapping.java:56] Adding welcome page template: index
2023-03-13 18:36:31,658 INFO [main] c.n.c.SensitiveTests [StartupInfoLogger.java:57] Started SensitiveTests in 4.017 seconds (process running for 5.455)
2023-03-13 18:37:09,690 INFO [main] c.n.c.SensitiveTests [StartupInfoLogger.java:51] Starting SensitiveTests using Java 19.0.2 with PID 21480 (started by wangz in D:\Files\Java_workpath\community)
2023-03-13 18:37:09,695 INFO [main] c.n.c.SensitiveTests [SpringApplication.java:632] No active profile set, falling back to 1 default profile: "default"
2023-03-13 18:37:11,663 INFO [main] o.s.b.a.w.s.WelcomePageHandlerMapping [WelcomePageHandlerMapping.java:56] Adding welcome page template: index
2023-03-13 18:37:11,944 INFO [main] c.n.c.SensitiveTests [StartupInfoLogger.java:57] Started SensitiveTests in 2.856 seconds (process running for 3.88)
2023-03-13 18:39:04,021 INFO [main] c.n.c.SensitiveTests [StartupInfoLogger.java:51] Starting SensitiveTests using Java 19.0.2 with PID 4840 (started by wangz in D:\Files\Java_workpath\community)
2023-03-13 18:39:04,025 INFO [main] c.n.c.SensitiveTests [SpringApplication.java:632] No active profile set, falling back to 1 default profile: "default"
2023-03-13 18:39:06,278 INFO [main] o.s.b.a.w.s.WelcomePageHandlerMapping [WelcomePageHandlerMapping.java:56] Adding welcome page template: index
2023-03-13 18:39:06,578 INFO [main] c.n.c.SensitiveTests [StartupInfoLogger.java:57] Started SensitiveTests in 3.238 seconds (process running for 4.383)
2023-03-13 18:39:45,945 INFO [main] c.n.c.SensitiveTests [StartupInfoLogger.java:51] Starting SensitiveTests using Java 19.0.2 with PID 21136 (started by wangz in D:\Files\Java_workpath\community)
2023-03-13 18:39:45,949 INFO [main] c.n.c.SensitiveTests [SpringApplication.java:632] No active profile set, falling back to 1 default profile: "default"
2023-03-13 18:39:48,486 INFO [main] o.s.b.a.w.s.WelcomePageHandlerMapping [WelcomePageHandlerMapping.java:56] Adding welcome page template: index
2023-03-13 18:39:48,784 INFO [main] c.n.c.SensitiveTests [StartupInfoLogger.java:57] Started SensitiveTests in 3.648 seconds (process running for 5.014)
2023-03-13 18:42:14,975 INFO [main] c.n.c.SensitiveTests [StartupInfoLogger.java:51] Starting SensitiveTests using Java 19.0.2 with PID 22408 (started by wangz in D:\Files\Java_workpath\community)
2023-03-13 18:42:14,979 INFO [main] c.n.c.SensitiveTests [SpringApplication.java:632] No active profile set, falling back to 1 default profile: "default"
2023-03-13 18:42:17,098 INFO [main] o.s.b.a.w.s.WelcomePageHandlerMapping [WelcomePageHandlerMapping.java:56] Adding welcome page template: index
2023-03-13 18:42:17,351 INFO [main] c.n.c.SensitiveTests [StartupInfoLogger.java:57] Started SensitiveTests in 3.021 seconds (process running for 4.025)
2023-03-13 21:25:52,850 INFO [main] c.n.c.SensitiveTests [StartupInfoLogger.java:51] Starting SensitiveTests using Java 19.0.2 with PID 11344 (started by wangz in D:\Files\Java_workpath\community)
2023-03-13 21:25:52,853 INFO [main] c.n.c.SensitiveTests [SpringApplication.java:632] No active profile set, falling back to 1 default profile: "default"
2023-03-13 21:25:55,897 INFO [main] o.s.b.a.w.s.WelcomePageHandlerMapping [WelcomePageHandlerMapping.java:56] Adding welcome page template: index
2023-03-13 21:25:56,260 INFO [main] c.n.c.SensitiveTests [StartupInfoLogger.java:57] Started SensitiveTests in 4.09 seconds (process running for 5.669)
2023-03-13 21:26:41,462 INFO [main] c.n.c.SensitiveTests [StartupInfoLogger.java:51] Starting SensitiveTests using Java 19.0.2 with PID 15796 (started by wangz in D:\Files\Java_workpath\community)
2023-03-13 21:26:41,466 INFO [main] c.n.c.SensitiveTests [SpringApplication.java:632] No active profile set, falling back to 1 default profile: "default"
2023-03-13 21:26:43,743 INFO [main] o.s.b.a.w.s.WelcomePageHandlerMapping [WelcomePageHandlerMapping.java:56] Adding welcome page template: index
2023-03-13 21:26:44,019 INFO [main] c.n.c.SensitiveTests [StartupInfoLogger.java:57] Started SensitiveTests in 3.258 seconds (process running for 4.476)
2023-03-13 21:27:54,099 INFO [main] c.n.c.SensitiveTests [StartupInfoLogger.java:51] Starting SensitiveTests using Java 19.0.2 with PID 13664 (started by wangz in D:\Files\Java_workpath\community)
2023-03-13 21:27:54,105 INFO [main] c.n.c.SensitiveTests [SpringApplication.java:632] No active profile set, falling back to 1 default profile: "default"
2023-03-13 21:27:56,293 INFO [main] o.s.b.a.w.s.WelcomePageHandlerMapping [WelcomePageHandlerMapping.java:56] Adding welcome page template: index
2023-03-13 21:27:56,590 INFO [main] c.n.c.SensitiveTests [StartupInfoLogger.java:57] Started SensitiveTests in 3.123 seconds (process running for 4.186)
2023-03-13 21:30:15,344 INFO [main] c.n.c.SensitiveTests [StartupInfoLogger.java:51] Starting SensitiveTests using Java 19.0.2 with PID 17156 (started by wangz in D:\Files\Java_workpath\community)
2023-03-13 21:30:15,348 INFO [main] c.n.c.SensitiveTests [SpringApplication.java:632] No active profile set, falling back to 1 default profile: "default"
2023-03-13 21:30:17,553 INFO [main] o.s.b.a.w.s.WelcomePageHandlerMapping [WelcomePageHandlerMapping.java:56] Adding welcome page template: index
2023-03-13 21:30:17,850 INFO [main] c.n.c.SensitiveTests [StartupInfoLogger.java:57] Started SensitiveTests in 3.096 seconds (process running for 5.311)
2023-03-13 21:30:47,470 INFO [main] c.n.c.SensitiveTests [StartupInfoLogger.java:51] Starting SensitiveTests using Java 19.0.2 with PID 16908 (started by wangz in D:\Files\Java_workpath\community)
2023-03-13 21:30:47,473 INFO [main] c.n.c.SensitiveTests [SpringApplication.java:632] No active profile set, falling back to 1 default profile: "default"
2023-03-13 21:30:49,456 INFO [main] o.s.b.a.w.s.WelcomePageHandlerMapping [WelcomePageHandlerMapping.java:56] Adding welcome page template: index
2023-03-13 21:30:49,742 INFO [main] c.n.c.SensitiveTests [StartupInfoLogger.java:57] Started SensitiveTests in 2.971 seconds (process running for 4.097)
2023-03-13 21:35:37,445 INFO [main] c.n.c.SensitiveTests [StartupInfoLogger.java:51] Starting SensitiveTests using Java 19.0.2 with PID 9556 (started by wangz in D:\Files\Java_workpath\community)
2023-03-13 21:35:37,449 INFO [main] c.n.c.SensitiveTests [SpringApplication.java:632] No active profile set, falling back to 1 default profile: "default"
2023-03-13 21:35:39,918 INFO [main] o.s.b.a.w.s.WelcomePageHandlerMapping [WelcomePageHandlerMapping.java:56] Adding welcome page template: index
2023-03-13 21:35:40,224 INFO [main] c.n.c.SensitiveTests [StartupInfoLogger.java:57] Started SensitiveTests in 3.404 seconds (process running for 4.517)
2023-03-13 21:36:25,060 INFO [main] c.n.c.SensitiveTests [StartupInfoLogger.java:51] Starting SensitiveTests using Java 19.0.2 with PID 16724 (started by wangz in D:\Files\Java_workpath\community)
2023-03-13 21:36:25,065 INFO [main] c.n.c.SensitiveTests [SpringApplication.java:632] No active profile set, falling back to 1 default profile: "default"
2023-03-13 21:36:27,316 INFO [main] o.s.b.a.w.s.WelcomePageHandlerMapping [WelcomePageHandlerMapping.java:56] Adding welcome page template: index
2023-03-13 21:36:27,580 INFO [main] c.n.c.SensitiveTests [StartupInfoLogger.java:57] Started SensitiveTests in 3.239 seconds (process running for 4.582)
2023-03-13 21:38:07,173 INFO [main] c.n.c.SensitiveTests [StartupInfoLogger.java:51] Starting SensitiveTests using Java 19.0.2 with PID 17272 (started by wangz in D:\Files\Java_workpath\community)
2023-03-13 21:38:07,177 INFO [main] c.n.c.SensitiveTests [SpringApplication.java:632] No active profile set, falling back to 1 default profile: "default"
2023-03-13 21:38:09,317 INFO [main] o.s.b.a.w.s.WelcomePageHandlerMapping [WelcomePageHandlerMapping.java:56] Adding welcome page template: index
2023-03-13 21:38:09,586 INFO [main] c.n.c.SensitiveTests [StartupInfoLogger.java:57] Started SensitiveTests in 3.124 seconds (process running for 4.305)
2023-03-13 21:38:38,144 INFO [main] c.n.c.SensitiveTests [StartupInfoLogger.java:51] Starting SensitiveTests using Java 19.0.2 with PID 17104 (started by wangz in D:\Files\Java_workpath\community)
2023-03-13 21:38:38,147 INFO [main] c.n.c.SensitiveTests [SpringApplication.java:632] No active profile set, falling back to 1 default profile: "default"
2023-03-13 21:38:40,243 INFO [main] o.s.b.a.w.s.WelcomePageHandlerMapping [WelcomePageHandlerMapping.java:56] Adding welcome page template: index
2023-03-13 21:38:40,526 INFO [main] c.n.c.SensitiveTests [StartupInfoLogger.java:57] Started SensitiveTests in 3.112 seconds (process running for 4.259)
2023-03-13 21:41:45,678 INFO [main] c.n.c.SensitiveTests [StartupInfoLogger.java:51] Starting SensitiveTests using Java 19.0.2 with PID 4372 (started by wangz in D:\Files\Java_workpath\community)
2023-03-13 21:41:45,682 INFO [main] c.n.c.SensitiveTests [SpringApplication.java:632] No active profile set, falling back to 1 default profile: "default"
2023-03-13 21:41:47,893 INFO [main] o.s.b.a.w.s.WelcomePageHandlerMapping [WelcomePageHandlerMapping.java:56] Adding welcome page template: index
2023-03-13 21:41:48,158 INFO [main] c.n.c.SensitiveTests [StartupInfoLogger.java:57] Started SensitiveTests in 3.211 seconds (process running for 4.367)
2023-03-13 21:42:14,112 INFO [main] c.n.c.SensitiveTests [StartupInfoLogger.java:51] Starting SensitiveTests using Java 19.0.2 with PID 16884 (started by wangz in D:\Files\Java_workpath\community)
2023-03-13 21:42:14,116 INFO [main] c.n.c.SensitiveTests [SpringApplication.java:632] No active profile set, falling back to 1 default profile: "default"
2023-03-13 21:42:16,362 INFO [main] o.s.b.a.w.s.WelcomePageHandlerMapping [WelcomePageHandlerMapping.java:56] Adding welcome page template: index
2023-03-13 21:42:16,640 INFO [main] c.n.c.SensitiveTests [StartupInfoLogger.java:57] Started SensitiveTests in 3.137 seconds (process running for 4.28)
2023-03-13 21:42:50,607 INFO [main] c.n.c.SensitiveTests [StartupInfoLogger.java:51] Starting SensitiveTests using Java 19.0.2 with PID 13840 (started by wangz in D:\Files\Java_workpath\community)
2023-03-13 21:42:50,611 INFO [main] c.n.c.SensitiveTests [SpringApplication.java:632] No active profile set, falling back to 1 default profile: "default"
2023-03-13 21:42:52,875 INFO [main] o.s.b.a.w.s.WelcomePageHandlerMapping [WelcomePageHandlerMapping.java:56] Adding welcome page template: index
2023-03-13 21:42:53,154 INFO [main] c.n.c.SensitiveTests [StartupInfoLogger.java:57] Started SensitiveTests in 3.204 seconds (process running for 4.249)
2023-03-13 21:43:23,201 INFO [main] c.n.c.SensitiveTests [StartupInfoLogger.java:51] Starting SensitiveTests using Java 19.0.2 with PID 17020 (started by wangz in D:\Files\Java_workpath\community)
2023-03-13 21:43:23,205 INFO [main] c.n.c.SensitiveTests [SpringApplication.java:632] No active profile set, falling back to 1 default profile: "default"
2023-03-13 21:43:25,328 INFO [main] o.s.b.a.w.s.WelcomePageHandlerMapping [WelcomePageHandlerMapping.java:56] Adding welcome page template: index
2023-03-13 21:43:25,657 INFO [main] c.n.c.SensitiveTests [StartupInfoLogger.java:57] Started SensitiveTests in 3.106 seconds (process running for 4.244)
2023-03-13 21:44:18,743 INFO [main] c.n.c.SensitiveTests [StartupInfoLogger.java:51] Starting SensitiveTests using Java 19.0.2 with PID 15808 (started by wangz in D:\Files\Java_workpath\community)
2023-03-13 21:44:18,747 INFO [main] c.n.c.SensitiveTests [SpringApplication.java:632] No active profile set, falling back to 1 default profile: "default"
2023-03-13 21:44:20,889 INFO [main] o.s.b.a.w.s.WelcomePageHandlerMapping [WelcomePageHandlerMapping.java:56] Adding welcome page template: index
2023-03-13 21:44:21,167 INFO [main] c.n.c.SensitiveTests [StartupInfoLogger.java:57] Started SensitiveTests in 3.107 seconds (process running for 4.193)
2023-03-13 21:44:35,830 INFO [main] c.n.c.SensitiveTests [StartupInfoLogger.java:51] Starting SensitiveTests using Java 19.0.2 with PID 17160 (started by wangz in D:\Files\Java_workpath\community)
2023-03-13 21:44:35,834 INFO [main] c.n.c.SensitiveTests [SpringApplication.java:632] No active profile set, falling back to 1 default profile: "default"
2023-03-13 21:44:37,917 INFO [main] o.s.b.a.w.s.WelcomePageHandlerMapping [WelcomePageHandlerMapping.java:56] Adding welcome page template: index
2023-03-13 21:44:38,183 INFO [main] c.n.c.SensitiveTests [StartupInfoLogger.java:57] Started SensitiveTests in 3.002 seconds (process running for 4.08)
2023-03-13 21:45:09,449 INFO [main] c.n.c.SensitiveTests [StartupInfoLogger.java:51] Starting SensitiveTests using Java 19.0.2 with PID 15576 (started by wangz in D:\Files\Java_workpath\community)
2023-03-13 21:45:09,453 INFO [main] c.n.c.SensitiveTests [SpringApplication.java:632] No active profile set, falling back to 1 default profile: "default"
2023-03-13 21:45:11,680 INFO [main] o.s.b.a.w.s.WelcomePageHandlerMapping [WelcomePageHandlerMapping.java:56] Adding welcome page template: index
2023-03-13 21:45:11,940 INFO [main] c.n.c.SensitiveTests [StartupInfoLogger.java:57] Started SensitiveTests in 3.229 seconds (process running for 4.491)
2023-03-13 21:56:15,100 INFO [main] c.n.c.SensitiveTests [StartupInfoLogger.java:51] Starting SensitiveTests using Java 19.0.2 with PID 10248 (started by wangz in D:\Files\Java_workpath\community)
2023-03-13 21:56:15,104 INFO [main] c.n.c.SensitiveTests [SpringApplication.java:632] No active profile set, falling back to 1 default profile: "default"
2023-03-13 21:56:17,170 INFO [main] o.s.b.a.w.s.WelcomePageHandlerMapping [WelcomePageHandlerMapping.java:56] Adding welcome page template: index
2023-03-13 21:56:17,440 INFO [main] c.n.c.SensitiveTests [StartupInfoLogger.java:57] Started SensitiveTests in 2.95 seconds (process running for 4.013)
